Compiling C Source/bootApp/UIS8910DM/src/boot_app.c...
Compiling C Source/bootloader/UIS8910DM/src/boot_powkey.c...
Compiling C Source/bootloader/UIS8910DM/src/boot_lcd_gc9305.c...
Compiling C Source/bootloader/UIS8910DM/src/boot_lcd_cfg.c...
Compiling C Source/bootloader/UIS8910DM/src/boot_lcd_st7789v.c...
Compiling C Source/bootloader/UIS8910DM/src/boot_pmic_intr.c...
Compiling C Source/bootloader/UIS8910DM/src/hal_gouda.c...
Compiling C Source/bootloader/UIS8910DM/src/hal_pmu.c...
Compiling C Source/bootloader/UIS8910DM/src/boot_gpio.c...
Compiling C Source/bootloader/UIS8910DM/src/boot_efuse.c...
Compiling C Source/bootloader/UIS8910DM/src/boot_lcd_ili9163v.c...
Compiling C Source/bootloader/UIS8910DM/src/boot_adc.c...
Compiling C Source/bootloader/UIS8910DM/src/boot_ifc.c...
Compiling C Source/bootloader/UIS8910DM/src/boot_lcd_st7735s.c...
Compiling C Source/bootloader/UIS8910DM/src/boot_lcd_gc9306.c...
Compiling C Source/bootloader/UIS8910DM/src/boot_platform.c...
Compiling C Source/bootloader/UIS8910DM/src/boot_trace.c...
Compiling C Source/bootloader/UIS8910DM/src/boot_efuse_pmic.c...
Compiling C Source/bootloader/UIS8910DM/src/boot_lcd.c...
Compiling C Source/bootloader/UIS8910DM/src/boot_mem.c...
Compiling C Source/bootloader/UIS8910DM/src/boot_debuguart.c...
Compiling C Source/bootloader/UIS8910DM/src/boot_time.c...
Compiling C Source/bootloader/UIS8910DM/src/boot_charge.c...
Compiling C Source/bootloader/UIS8910DM/src/boot_adi_bus.c...
Compiling C Source/std/src/strchr.c...
Compiling C Source/std/src/memset.c...
Compiling C Source/std/src/vsprintf.c...
Compiling C Source/std/src/sul_string.c...
Compiling C Source/std/src/strncmp.c...
Compiling C Source/std/src/memcpy.c...
Compiling C Source/std/src/strcpy.c...
Compiling C Source/std/src/memcmp.c...
Compiling C Source/std/src/strlen.c...
Compiling C Source/std/src/memmove.c...
"Generate preset file"
make/core/genImg_UIS8910DM.mk:45: recipe for target 'PRESET_GEN' failed
make: *** [PRESET_GEN] Interrupt
